Sjasm Z80 Assembler v0.42c - www.xl2s.tk             [2020.10.21 - 20:02:12]

world0.asm
Errors: 0

       1   00:0000                        
       2   00:0000                              output "word0.bin"
       3   00:C000                      
       4   00:C000  FE                      db   #fe               ; ID archivo binario, siempre hay que poner el mismo -1FEh
       5   00:C001  00 C0                   dw   INICIO            ; dirección de inicio
       6   00:C003  00 CD                   dw   FINAL - 1         ; dirección final
       7   00:C005  00 C0                   dw   INICIO             ; dircción del programa de ejecución (para cuando pongas r en bload"nombre_programa", r)
       8   00:C007                      
       9   00:C007                          org #c000 ; o 57344, org se utiliza para decirle al z80 en que posición de memoria RAM empieza nuestro programa en ensamblador
      10   00:C000                      
      11   00:C000                      INICIO:
      12   00:C000  C9                      ret ; el ret es necesario para que vuelva al basic
      13   00:C001                      level0:
      14   00:C001                      
      15   00:C001                          db 3,3,3,3,3,3,3,3,3,3,3,3,3,3,3,3,3,3,3,3,3,3,3,3,3,3,3,3,3,3,3,3,3,3,3,3,3,3,3,3,3,3,3,3,3,3,3,3,3,3,3,3,3,3,3,3,3,3,3,3,3,3,3,3,3,3,3,3,3,3,3,3,3,3,3,3,3,3,3,3,3,3,3,3,3,3,3,3,3,3,3,3,3,3,3,3,3,3,3,3,3,3,3,3,3,3,3,3,3,3,3,3,3,3,3,3,3,3,3,3,3,3,3,3,3,3,3,3,3,3,3,3,3,3,3,3,3,3,3,3,3,3,3,3,3,3,3,3,3,3,3,3,3,3,3,3,3,3,3,3,3,3,3,3,3,3,3,3,3,3,3,3,3,3,3,3,3,3,3,3,3,3,3,3,3,3,3,3,3,3,3,3,3,3,3,3,3,3,3,3,3,3,3,3,3,3,3,3,3,3,3,3,3,3,3,3,3,3,3,3,3,3,3,3,3,3,3,3,3,3,3,3,3,3,3,3,3,3,3,3,3,3,3,3,3,3,3,3,3,3,3,3,3,3,3,3
      15   00:C001  03 03 03 03 03 03 03 03 03 03 03 03 03 03 03 03 
      15   00:C011  03 03 03 03 03 03 03 03 03 03 03 03 03 03 03 03 
      15   00:C021  03 03 03 03 03 03 03 03 03 03 03 03 03 03 03 03 
      15   00:C031  03 03 03 03 03 03 03 03 03 03 03 03 03 03 03 03 
      15   00:C041  03 03 03 03 03 03 03 03 03 03 03 03 03 03 03 03 
      15   00:C051  03 03 03 03 03 03 03 03 03 03 03 03 03 03 03 03 
      15   00:C061  03 03 03 03 03 03 03 03 03 03 03 03 03 03 03 03 
      15   00:C071  03 03 03 03 03 03 03 03 03 03 03 03 03 03 03 03 
      15   00:C081  03 03 03 03 03 03 03 03 03 03 03 03 03 03 03 03 
      15   00:C091  03 03 03 03 03 03 03 03 03 03 03 03 03 03 03 03 
      15   00:C0A1  03 03 03 03 03 03 03 03 03 03 03 03 03 03 03 03 
      15   00:C0B1  03 03 03 03 03 03 03 03 03 03 03 03 03 03 03 03 
      15   00:C0C1  03 03 03 03 03 03 03 03 03 03 03 03 03 03 03 03 
      15   00:C0D1  03 03 03 03 03 03 03 03 03 03 03 03 03 03 03 03 
      15   00:C0E1  03 03 03 03 03 03 03 03 03 03 03 03 03 03 03 03 
      15   00:C0F1  03 03 03 03 03 03 03 03 03 03 03 03 03 03 03 03 
      16   00:C101                          db 0,0,0,0,0,0,0,2,2,2,2,2,2,2,2,2,0,0,0,3,3,3,3,3,3,3,3,3,3,0,0,0,0,0,0,2,0,0,0,3,3,3,3,0,0,0,0,0,0,2,2,2,2,2,2,2,0,0,3,3,3,3,3,3,3,3,3,3,3,3,3,0,0,0,2,0,0,3,3,3,3,3,3,3,3,0,0,0,0,2,0,0,0,0,2,2,2,2,2,2,0,0,0,0,0,0,0,3,3,3,3,3,3,3,3,0,1,1,1,0,0,0,0,0,0,0,0,0,0,0,0,0,1,1,1,1,1,1,1,1,1,1,1,1,0,0,0,0,0,0,0,0,0,0,0,1,0,1,1,0,1,0,0,0,3,3,3,3,3,3,3,3,3,3,3,3,3,3,0,2,2,2,2,2,2,2,2,0,3,3,3,3,3,3,3,1,3,3,3,3,3,3,3,3,3,3,3,3,3,3,3,3,3,3,3,3,3,3,3,3,3,3,3,3,3,3,3,0,0,3,3,3,3,3,3,3,3,3,2,0,3,3,3,3,3,3,3,3,3,3,3,3,3,3,2,0
      16   00:C101  00 00 00 00 00 00 00 02 02 02 02 02 02 02 02 02 
      16   00:C111  00 00 00 03 03 03 03 03 03 03 03 03 03 00 00 00 
      16   00:C121  00 00 00 02 00 00 00 03 03 03 03 00 00 00 00 00 
      16   00:C131  00 02 02 02 02 02 02 02 00 00 03 03 03 03 03 03 
      16   00:C141  03 03 03 03 03 03 03 00 00 00 02 00 00 03 03 03 
      16   00:C151  03 03 03 03 03 00 00 00 00 02 00 00 00 00 02 02 
      16   00:C161  02 02 02 02 00 00 00 00 00 00 00 03 03 03 03 03 
      16   00:C171  03 03 03 00 01 01 01 00 00 00 00 00 00 00 00 00 
      16   00:C181  00 00 00 00 01 01 01 01 01 01 01 01 01 01 01 01 
      16   00:C191  00 00 00 00 00 00 00 00 00 00 00 01 00 01 01 00 
      16   00:C1A1  01 00 00 00 03 03 03 03 03 03 03 03 03 03 03 03 
      16   00:C1B1  03 03 00 02 02 02 02 02 02 02 02 00 03 03 03 03 
      16   00:C1C1  03 03 03 01 03 03 03 03 03 03 03 03 03 03 03 03 
      16   00:C1D1  03 03 03 03 03 03 03 03 03 03 03 03 03 03 03 03 
      16   00:C1E1  03 03 03 00 00 03 03 03 03 03 03 03 03 03 02 00 
      16   00:C1F1  03 03 03 03 03 03 03 03 03 03 03 03 03 03 02 00 
      17   00:C201                          db 0,0,0,0,0,0,0,0,0,0,0,0,0,0,0,0,0,0,0,0,0,0,1,0,1,0,0,0,0,0,0,0,0,0,0,0,0,0,0,0,1,1,0,0,0,0,0,0,0,0,0,0,0,0,0,0,0,0,0,0,3,3,3,3,3,3,3,3,3,0,0,0,0,0,0,0,0,0,0,0,0,2,0,0,0,0,0,0,0,0,0,0,0,0,0,0,0,0,0,0,0,0,0,0,0,0,0,0,2,2,2,2,2,0,0,0,0,0,0,0,0,0,0,0,0,0,0,0,0,0,0,0,0,0,0,0,0,0,0,0,0,0,0,0,0,0,0,0,0,0,0,0,0,0,0,0,0,0,0,0,0,0,0,0,1,0,3,3,3,3,3,3,3,3,3,3,3,0,0,0,0,0,0,0,0,0,0,0,0,0,3,3,3,2,0,0,0,3,3,3,3,3,3,3,3,0,3,3,3,3,0,0,3,3,3,3,3,2,0,0,1,0,3,3,3,3,1,0,0,1,0,3,3,3,3,3,3,1,0,0,0,1,0,3,3,3,3,3,3,3,3,3,0,0,0,0
      17   00:C201  00 00 00 00 00 00 00 00 00 00 00 00 00 00 00 00 
      17   00:C211  00 00 00 00 00 00 01 00 01 00 00 00 00 00 00 00 
      17   00:C221  00 00 00 00 00 00 00 00 01 01 00 00 00 00 00 00 
      17   00:C231  00 00 00 00 00 00 00 00 00 00 00 00 03 03 03 03 
      17   00:C241  03 03 03 03 03 00 00 00 00 00 00 00 00 00 00 00 
      17   00:C251  00 02 00 00 00 00 00 00 00 00 00 00 00 00 00 00 
      17   00:C261  00 00 00 00 00 00 00 00 00 00 00 00 02 02 02 02 
      17   00:C271  02 00 00 00 00 00 00 00 00 00 00 00 00 00 00 00 
      17   00:C281  00 00 00 00 00 00 00 00 00 00 00 00 00 00 00 00 
      17   00:C291  00 00 00 00 00 00 00 00 00 00 00 00 00 00 00 00 
      17   00:C2A1  00 00 00 00 01 00 03 03 03 03 03 03 03 03 03 03 
      17   00:C2B1  03 00 00 00 00 00 00 00 00 00 00 00 00 00 03 03 
      17   00:C2C1  03 02 00 00 00 03 03 03 03 03 03 03 03 00 03 03 
      17   00:C2D1  03 03 00 00 03 03 03 03 03 02 00 00 01 00 03 03 
      17   00:C2E1  03 03 01 00 00 01 00 03 03 03 03 03 03 01 00 00 
      17   00:C2F1  00 01 00 03 03 03 03 03 03 03 03 03 00 00 00 00 
      18   00:C301                          db 0,0,0,0,0,0,0,0,0,0,0,0,0,0,0,0,0,0,0,0,0,0,0,0,0,0,0,0,0,0,0,0,0,0,0,0,0,0,0,0,0,0,0,0,0,0,0,0,0,0,0,0,0,0,0,0,0,0,0,0,0,0,2,2,2,2,0,0,0,0,0,0,0,0,0,0,0,0,0,0,0,0,0,0,0,0,0,0,0,0,0,0,0,0,0,0,0,0,0,0,0,0,0,0,0,0,0,0,0,0,0,0,0,0,0,0,0,0,0,0,0,0,0,0,0,0,0,0,0,0,0,0,0,0,0,0,0,0,0,0,0,0,0,0,0,0,0,0,0,0,0,0,0,0,0,0,0,0,0,0,0,0,0,0,0,0,0,0,1,3,3,3,3,3,3,1,0,0,0,0,0,0,0,0,0,0,0,0,0,0,0,1,0,0,0,0,0,0,3,3,3,3,3,2,0,0,0,1,0,0,0,0,3,3,3,3,2,0,0,0,0,0,1,0,0,0,0,0,0,0,0,0,2,0,2,2,0,0,0,0,0,0,0,0,0,2,0,2,2,1,0,0,0,0,0,0
      18   00:C301  00 00 00 00 00 00 00 00 00 00 00 00 00 00 00 00 
      18   00:C311  00 00 00 00 00 00 00 00 00 00 00 00 00 00 00 00 
      18   00:C321  00 00 00 00 00 00 00 00 00 00 00 00 00 00 00 00 
      18   00:C331  00 00 00 00 00 00 00 00 00 00 00 00 00 00 02 02 
      18   00:C341  02 02 00 00 00 00 00 00 00 00 00 00 00 00 00 00 
      18   00:C351  00 00 00 00 00 00 00 00 00 00 00 00 00 00 00 00 
      18   00:C361  00 00 00 00 00 00 00 00 00 00 00 00 00 00 00 00 
      18   00:C371  00 00 00 00 00 00 00 00 00 00 00 00 00 00 00 00 
      18   00:C381  00 00 00 00 00 00 00 00 00 00 00 00 00 00 00 00 
      18   00:C391  00 00 00 00 00 00 00 00 00 00 00 00 00 00 00 00 
      18   00:C3A1  00 00 00 00 00 00 00 00 01 03 03 03 03 03 03 01 
      18   00:C3B1  00 00 00 00 00 00 00 00 00 00 00 00 00 00 00 01 
      18   00:C3C1  00 00 00 00 00 00 03 03 03 03 03 02 00 00 00 01 
      18   00:C3D1  00 00 00 00 03 03 03 03 02 00 00 00 00 00 01 00 
      18   00:C3E1  00 00 00 00 00 00 00 00 02 00 02 02 00 00 00 00 
      18   00:C3F1  00 00 00 00 00 02 00 02 02 01 00 00 00 00 00 00 
      19   00:C401                          db 0,0,0,0,0,0,0,0,0,0,0,0,0,0,0,0,0,0,0,0,0,0,0,0,0,0,0,0,0,0,0,0,0,0,0,0,0,0,0,0,0,0,0,0,0,0,0,0,0,0,0,0,0,0,0,0,0,0,0,0,0,0,0,0,0,0,0,0,0,0,0,0,0,0,0,0,0,0,0,0,0,0,0,0,0,0,0,0,0,0,0,0,0,0,0,0,0,0,0,0,0,0,0,0,0,0,0,0,0,0,0,0,0,0,0,0,0,0,0,0,0,0,0,0,0,0,0,0,0,0,0,0,0,0,0,0,0,0,0,0,0,0,0,0,0,0,0,0,0,0,0,0,0,0,0,0,0,0,0,0,0,0,0,0,0,0,0,0,0,0,0,0,0,0,0,0,0,0,0,0,0,0,0,0,0,0,0,0,0,0,0,0,0,0,0,0,0,0,0,1,2,0,0,0,0,0,0,0,0,0,0,0,0,2,2,0,0,0,0,0,0,0,0,0,0,0,0,0,0,0,0,0,0,0,0,0,0,0,0,0,0,0,0,0,0,0,0,0,0,0,0,0,0,0,0,0
      19   00:C401  00 00 00 00 00 00 00 00 00 00 00 00 00 00 00 00 
      19   00:C411  00 00 00 00 00 00 00 00 00 00 00 00 00 00 00 00 
      19   00:C421  00 00 00 00 00 00 00 00 00 00 00 00 00 00 00 00 
      19   00:C431  00 00 00 00 00 00 00 00 00 00 00 00 00 00 00 00 
      19   00:C441  00 00 00 00 00 00 00 00 00 00 00 00 00 00 00 00 
      19   00:C451  00 00 00 00 00 00 00 00 00 00 00 00 00 00 00 00 
      19   00:C461  00 00 00 00 00 00 00 00 00 00 00 00 00 00 00 00 
      19   00:C471  00 00 00 00 00 00 00 00 00 00 00 00 00 00 00 00 
      19   00:C481  00 00 00 00 00 00 00 00 00 00 00 00 00 00 00 00 
      19   00:C491  00 00 00 00 00 00 00 00 00 00 00 00 00 00 00 00 
      19   00:C4A1  00 00 00 00 00 00 00 00 00 00 00 00 00 00 00 00 
      19   00:C4B1  00 00 00 00 00 00 00 00 00 00 00 00 00 00 00 00 
      19   00:C4C1  00 00 00 00 00 00 00 01 02 00 00 00 00 00 00 00 
      19   00:C4D1  00 00 00 00 00 02 02 00 00 00 00 00 00 00 00 00 
      19   00:C4E1  00 00 00 00 00 00 00 00 00 00 00 00 00 00 00 00 
      19   00:C4F1  00 00 00 00 00 00 00 00 00 00 00 00 00 00 00 00 
      20   00:C501                          db 0,0,0,0,0,0,0,0,0,0,0,0,0,0,0,0,0,0,0,0,0,0,0,0,0,0,0,0,0,0,0,0,0,0,0,0,0,0,0,0,0,0,0,0,0,0,0,0,0,0,0,0,0,0,0,0,0,0,0,0,0,0,0,0,0,0,0,0,0,0,0,0,0,0,0,0,0,0,0,0,0,0,0,0,0,0,0,0,0,0,0,0,0,0,0,0,0,0,0,0,0,0,0,0,0,0,0,0,0,0,0,0,0,0,0,0,0,0,0,0,0,0,0,0,0,0,0,0,0,0,0,0,0,0,0,0,0,0,0,0,0,0,0,0,0,0,0,0,0,0,0,0,0,0,0,0,0,0,0,0,0,0,0,0,0,0,0,0,0,0,0,0,0,0,0,0,0,0,0,0,0,0,0,0,0,0,0,0,0,0,0,0,0,0,0,0,0,0,0,0,0,0,0,0,0,0,0,0,0,0,0,0,0,0,0,0,0,0,0,0,0,0,0,0,0,0,0,0,0,0,0,0,0,0,0,0,0,0,0,0,0,0,0,0,0,0,0,0,0,0,0,0,0,0,0,0
      20   00:C501  00 00 00 00 00 00 00 00 00 00 00 00 00 00 00 00 
      20   00:C511  00 00 00 00 00 00 00 00 00 00 00 00 00 00 00 00 
      20   00:C521  00 00 00 00 00 00 00 00 00 00 00 00 00 00 00 00 
      20   00:C531  00 00 00 00 00 00 00 00 00 00 00 00 00 00 00 00 
      20   00:C541  00 00 00 00 00 00 00 00 00 00 00 00 00 00 00 00 
      20   00:C551  00 00 00 00 00 00 00 00 00 00 00 00 00 00 00 00 
      20   00:C561  00 00 00 00 00 00 00 00 00 00 00 00 00 00 00 00 
      20   00:C571  00 00 00 00 00 00 00 00 00 00 00 00 00 00 00 00 
      20   00:C581  00 00 00 00 00 00 00 00 00 00 00 00 00 00 00 00 
      20   00:C591  00 00 00 00 00 00 00 00 00 00 00 00 00 00 00 00 
      20   00:C5A1  00 00 00 00 00 00 00 00 00 00 00 00 00 00 00 00 
      20   00:C5B1  00 00 00 00 00 00 00 00 00 00 00 00 00 00 00 00 
      20   00:C5C1  00 00 00 00 00 00 00 00 00 00 00 00 00 00 00 00 
      20   00:C5D1  00 00 00 00 00 00 00 00 00 00 00 00 00 00 00 00 
      20   00:C5E1  00 00 00 00 00 00 00 00 00 00 00 00 00 00 00 00 
      20   00:C5F1  00 00 00 00 00 00 00 00 00 00 00 00 00 00 00 00 
      21   00:C601                          db 0,0,0,0,0,0,0,0,0,0,0,0,0,0,0,0,0,0,0,0,0,0,0,0,0,0,0,0,0,0,0,0,0,0,0,0,0,0,0,0,0,0,0,0,0,0,0,0,0,0,0,0,0,0,0,0,0,0,0,0,0,0,0,0,0,0,0,0,0,0,0,0,0,0,0,0,0,0,0,0,0,0,0,0,0,0,0,0,0,0,0,0,0,0,0,0,0,0,0,0,0,0,0,0,0,0,0,0,0,0,0,0,0,0,0,0,0,0,0,0,0,0,0,0,0,0,0,0,0,0,0,0,0,0,0,0,0,0,0,0,0,0,0,0,0,0,0,0,0,0,0,0,0,0,0,0,0,0,0,0,0,0,0,0,0,0,0,0,0,0,0,0,0,0,0,0,0,0,0,0,0,0,0,0,0,0,0,0,0,0,0,0,0,0,0,0,0,0,0,0,0,0,0,0,0,0,0,0,0,0,0,0,0,0,0,0,0,0,0,0,0,0,0,0,0,0,0,0,0,0,0,0,0,0,0,0,0,0,0,0,0,0,0,0,0,0,0,0,0,0,0,0,0,0,0,0
      21   00:C601  00 00 00 00 00 00 00 00 00 00 00 00 00 00 00 00 
      21   00:C611  00 00 00 00 00 00 00 00 00 00 00 00 00 00 00 00 
      21   00:C621  00 00 00 00 00 00 00 00 00 00 00 00 00 00 00 00 
      21   00:C631  00 00 00 00 00 00 00 00 00 00 00 00 00 00 00 00 
      21   00:C641  00 00 00 00 00 00 00 00 00 00 00 00 00 00 00 00 
      21   00:C651  00 00 00 00 00 00 00 00 00 00 00 00 00 00 00 00 
      21   00:C661  00 00 00 00 00 00 00 00 00 00 00 00 00 00 00 00 
      21   00:C671  00 00 00 00 00 00 00 00 00 00 00 00 00 00 00 00 
      21   00:C681  00 00 00 00 00 00 00 00 00 00 00 00 00 00 00 00 
      21   00:C691  00 00 00 00 00 00 00 00 00 00 00 00 00 00 00 00 
      21   00:C6A1  00 00 00 00 00 00 00 00 00 00 00 00 00 00 00 00 
      21   00:C6B1  00 00 00 00 00 00 00 00 00 00 00 00 00 00 00 00 
      21   00:C6C1  00 00 00 00 00 00 00 00 00 00 00 00 00 00 00 00 
      21   00:C6D1  00 00 00 00 00 00 00 00 00 00 00 00 00 00 00 00 
      21   00:C6E1  00 00 00 00 00 00 00 00 00 00 00 00 00 00 00 00 
      21   00:C6F1  00 00 00 00 00 00 00 00 00 00 00 00 00 00 00 00 
      22   00:C701                          db 0,0,0,0,0,0,0,0,0,0,0,0,0,0,0,0,0,0,0,0,0,0,0,0,0,0,0,0,0,0,0,0,0,0,0,0,0,0,0,0,0,0,0,0,0,0,0,0,0,0,0,0,0,0,0,0,0,0,0,0,0,0,0,0,0,0,0,0,0,0,0,0,0,0,0,0,0,0,0,0,0,0,0,0,0,0,0,0,0,0,0,0,0,0,0,0,0,0,0,0,0,0,0,0,0,0,0,0,0,0,0,0,0,0,0,0,0,0,0,0,0,0,0,0,0,0,0,0,0,0,0,0,0,0,0,0,0,0,0,0,0,0,0,0,0,0,0,0,0,0,0,0,0,0,0,0,0,0,0,0,0,0,0,0,0,0,0,0,0,0,0,0,0,0,0,0,0,0,0,0,0,0,0,0,0,0,0,0,0,0,0,0,0,0,0,0,0,0,0,0,0,0,0,0,0,0,0,0,0,0,0,0,0,0,0,0,0,0,0,0,0,0,0,0,0,0,0,0,0,0,0,0,0,0,0,0,0,0,0,0,0,0,0,0,0,0,0,0,0,0,0,0,0,0,0,0
      22   00:C701  00 00 00 00 00 00 00 00 00 00 00 00 00 00 00 00 
      22   00:C711  00 00 00 00 00 00 00 00 00 00 00 00 00 00 00 00 
      22   00:C721  00 00 00 00 00 00 00 00 00 00 00 00 00 00 00 00 
      22   00:C731  00 00 00 00 00 00 00 00 00 00 00 00 00 00 00 00 
      22   00:C741  00 00 00 00 00 00 00 00 00 00 00 00 00 00 00 00 
      22   00:C751  00 00 00 00 00 00 00 00 00 00 00 00 00 00 00 00 
      22   00:C761  00 00 00 00 00 00 00 00 00 00 00 00 00 00 00 00 
      22   00:C771  00 00 00 00 00 00 00 00 00 00 00 00 00 00 00 00 
      22   00:C781  00 00 00 00 00 00 00 00 00 00 00 00 00 00 00 00 
      22   00:C791  00 00 00 00 00 00 00 00 00 00 00 00 00 00 00 00 
      22   00:C7A1  00 00 00 00 00 00 00 00 00 00 00 00 00 00 00 00 
      22   00:C7B1  00 00 00 00 00 00 00 00 00 00 00 00 00 00 00 00 
      22   00:C7C1  00 00 00 00 00 00 00 00 00 00 00 00 00 00 00 00 
      22   00:C7D1  00 00 00 00 00 00 00 00 00 00 00 00 00 00 00 00 
      22   00:C7E1  00 00 00 00 00 00 00 00 00 00 00 00 00 00 00 00 
      22   00:C7F1  00 00 00 00 00 00 00 00 00 00 00 00 00 00 00 00 
      23   00:C801                          db 0,0,0,0,0,0,0,0,0,0,0,0,0,0,0,0,0,0,0,0,0,0,0,0,0,0,0,0,0,0,0,0,0,0,0,0,0,0,0,0,0,0,0,0,0,0,0,0,0,0,0,0,0,0,0,0,0,0,0,0,0,0,0,0,0,0,0,0,0,0,0,0,0,0,0,0,0,0,0,0,0,0,0,0,0,0,0,0,0,0,0,0,0,0,0,0,0,0,0,0,0,0,0,0,0,0,0,0,0,0,0,0,0,0,0,0,0,0,0,0,0,0,0,0,0,0,0,0,0,0,0,0,0,0,0,0,0,0,0,0,0,0,0,0,0,0,0,0,0,0,0,0,0,0,0,0,0,0,0,0,0,0,0,0,0,0,0,0,0,0,0,0,0,0,0,0,0,0,0,0,0,0,0,0,0,0,0,0,0,0,0,0,0,0,0,0,0,0,0,0,0,0,0,0,0,0,0,0,0,0,0,0,0,0,0,0,0,0,0,0,0,0,0,0,0,0,0,0,0,0,0,0,0,0,0,0,0,0,0,0,0,0,0,0,0,0,0,0,0,0,0,0,0,0,0,0
      23   00:C801  00 00 00 00 00 00 00 00 00 00 00 00 00 00 00 00 
      23   00:C811  00 00 00 00 00 00 00 00 00 00 00 00 00 00 00 00 
      23   00:C821  00 00 00 00 00 00 00 00 00 00 00 00 00 00 00 00 
      23   00:C831  00 00 00 00 00 00 00 00 00 00 00 00 00 00 00 00 
      23   00:C841  00 00 00 00 00 00 00 00 00 00 00 00 00 00 00 00 
      23   00:C851  00 00 00 00 00 00 00 00 00 00 00 00 00 00 00 00 
      23   00:C861  00 00 00 00 00 00 00 00 00 00 00 00 00 00 00 00 
      23   00:C871  00 00 00 00 00 00 00 00 00 00 00 00 00 00 00 00 
      23   00:C881  00 00 00 00 00 00 00 00 00 00 00 00 00 00 00 00 
      23   00:C891  00 00 00 00 00 00 00 00 00 00 00 00 00 00 00 00 
      23   00:C8A1  00 00 00 00 00 00 00 00 00 00 00 00 00 00 00 00 
      23   00:C8B1  00 00 00 00 00 00 00 00 00 00 00 00 00 00 00 00 
      23   00:C8C1  00 00 00 00 00 00 00 00 00 00 00 00 00 00 00 00 
      23   00:C8D1  00 00 00 00 00 00 00 00 00 00 00 00 00 00 00 00 
      23   00:C8E1  00 00 00 00 00 00 00 00 00 00 00 00 00 00 00 00 
      23   00:C8F1  00 00 00 00 00 00 00 00 00 00 00 00 00 00 00 00 
      24   00:C901                          db 0,0,0,0,0,0,0,0,0,0,0,0,0,0,8,8,0,0,0,0,0,0,0,0,0,0,0,0,0,0,0,0,0,0,0,0,0,0,0,0,0,0,0,0,0,0,0,0,0,0,0,0,0,0,0,0,0,0,0,0,0,0,0,0,0,0,0,0,0,0,0,0,0,0,0,0,0,0,0,0,0,0,0,0,0,0,0,0,0,0,0,0,0,0,0,0,0,0,0,0,0,0,8,8,8,8,8,8,0,0,0,0,0,0,0,0,0,0,0,0,0,0,0,0,0,0,0,0,0,0,0,0,0,0,0,0,0,0,0,0,0,0,0,0,0,0,0,0,0,0,0,0,0,0,0,0,0,0,0,0,0,0,0,0,0,0,0,0,0,0,0,0,0,0,0,0,0,0,0,0,0,0,0,0,0,0,0,0,8,8,8,8,8,8,8,8,0,0,0,0,0,0,0,0,0,8,8,8,0,0,0,0,0,0,0,0,0,0,0,0,0,0,0,0,0,0,0,0,0,0,0,0,0,0,0,0,0,0,0,0,0,0,0,0,0,0,0,0,0,0,0,0,0,0,0,0
      24   00:C901  00 00 00 00 00 00 00 00 00 00 00 00 00 00 08 08 
      24   00:C911  00 00 00 00 00 00 00 00 00 00 00 00 00 00 00 00 
      24   00:C921  00 00 00 00 00 00 00 00 00 00 00 00 00 00 00 00 
      24   00:C931  00 00 00 00 00 00 00 00 00 00 00 00 00 00 00 00 
      24   00:C941  00 00 00 00 00 00 00 00 00 00 00 00 00 00 00 00 
      24   00:C951  00 00 00 00 00 00 00 00 00 00 00 00 00 00 00 00 
      24   00:C961  00 00 00 00 00 00 08 08 08 08 08 08 00 00 00 00 
      24   00:C971  00 00 00 00 00 00 00 00 00 00 00 00 00 00 00 00 
      24   00:C981  00 00 00 00 00 00 00 00 00 00 00 00 00 00 00 00 
      24   00:C991  00 00 00 00 00 00 00 00 00 00 00 00 00 00 00 00 
      24   00:C9A1  00 00 00 00 00 00 00 00 00 00 00 00 00 00 00 00 
      24   00:C9B1  00 00 00 00 00 00 00 00 00 00 00 00 08 08 08 08 
      24   00:C9C1  08 08 08 08 00 00 00 00 00 00 00 00 00 08 08 08 
      24   00:C9D1  00 00 00 00 00 00 00 00 00 00 00 00 00 00 00 00 
      24   00:C9E1  00 00 00 00 00 00 00 00 00 00 00 00 00 00 00 00 
      24   00:C9F1  00 00 00 00 00 00 00 00 00 00 00 00 00 00 00 00 
      25   00:CA01                          db 4,5,6,7,0,4,5,6,4,5,6,7,8,8,8,8,8,8,0,0,0,0,0,0,0,0,0,0,4,5,6,7,0,0,0,0,0,0,4,5,6,7,0,0,0,0,0,0,0,4,5,6,7,0,0,0,0,0,0,0,0,8,8,8,8,8,8,8,8,8,8,8,8,0,0,0,0,0,0,4,5,6,7,0,0,0,0,0,0,4,5,6,7,0,0,0,0,0,0,8,8,8,8,8,8,8,8,8,8,8,8,8,8,8,0,0,0,0,0,0,0,0,0,0,0,8,8,8,8,8,8,8,8,0,0,0,0,0,0,0,0,0,0,0,0,0,0,0,0,0,0,0,0,0,0,0,0,0,0,0,0,0,0,0,0,0,0,0,0,0,0,0,0,0,0,0,0,0,0,0,0,0,0,0,0,0,8,8,8,8,8,8,8,8,8,8,8,0,0,0,0,0,0,0,8,8,8,8,8,8,0,0,0,0,0,0,0,0,0,0,0,0,0,0,0,0,0,0,0,0,0,0,0,0,0,0,0,0,0,0,0,0,0,0,0,0,0,0,0,0,0,0,0,0,0,0
      25   00:CA01  04 05 06 07 00 04 05 06 04 05 06 07 08 08 08 08 
      25   00:CA11  08 08 00 00 00 00 00 00 00 00 00 00 04 05 06 07 
      25   00:CA21  00 00 00 00 00 00 04 05 06 07 00 00 00 00 00 00 
      25   00:CA31  00 04 05 06 07 00 00 00 00 00 00 00 00 08 08 08 
      25   00:CA41  08 08 08 08 08 08 08 08 08 00 00 00 00 00 00 04 
      25   00:CA51  05 06 07 00 00 00 00 00 00 04 05 06 07 00 00 00 
      25   00:CA61  00 00 00 08 08 08 08 08 08 08 08 08 08 08 08 08 
      25   00:CA71  08 08 00 00 00 00 00 00 00 00 00 00 00 08 08 08 
      25   00:CA81  08 08 08 08 08 00 00 00 00 00 00 00 00 00 00 00 
      25   00:CA91  00 00 00 00 00 00 00 00 00 00 00 00 00 00 00 00 
      25   00:CAA1  00 00 00 00 00 00 00 00 00 00 00 00 00 00 00 00 
      25   00:CAB1  00 00 00 00 00 00 00 00 00 00 08 08 08 08 08 08 
      25   00:CAC1  08 08 08 08 08 00 00 00 00 00 00 00 08 08 08 08 
      25   00:CAD1  08 08 00 00 00 00 00 00 00 00 00 00 00 00 00 00 
      25   00:CAE1  00 00 00 00 00 00 00 00 00 00 00 00 00 00 00 00 
      25   00:CAF1  00 00 00 00 00 00 00 00 00 00 00 00 00 00 00 00 
      26   00:CB01                          db 8,8,8,8,8,8,8,8,8,8,8,8,8,8,8,8,8,8,8,8,8,8,8,8,8,8,8,8,8,8,8,8,8,8,8,8,8,8,8,8,8,8,8,8,8,8,8,8,8,8,8,8,8,8,8,8,8,8,8,8,8,8,8,8,8,8,8,8,8,8,8,8,8,8,8,8,8,8,8,8,8,8,8,8,8,8,8,8,8,8,8,8,8,8,8,8,8,8,8,8,8,8,8,8,8,8,8,8,8,8,8,8,8,8,8,0,0,0,8,8,8,8,8,8,8,8,8,8,8,8,8,8,8,8,8,8,8,8,0,0,0,0,0,0,0,8,8,8,8,8,8,8,8,8,8,8,0,0,0,0,0,0,0,4,5,6,7,0,4,5,6,7,0,4,5,6,7,0,4,5,6,7,0,0,0,8,8,8,8,8,8,8,8,8,8,8,8,8,8,0,0,8,8,8,8,8,8,8,8,8,8,8,8,0,0,0,4,5,6,7,0,0,8,8,8,4,5,6,4,5,6,7,4,5,6,7,0,8,8,8,8,8,8,4,4,4,5,6,7,0,4,5,6,7,0,0
      26   00:CB01  08 08 08 08 08 08 08 08 08 08 08 08 08 08 08 08 
      26   00:CB11  08 08 08 08 08 08 08 08 08 08 08 08 08 08 08 08 
      26   00:CB21  08 08 08 08 08 08 08 08 08 08 08 08 08 08 08 08 
      26   00:CB31  08 08 08 08 08 08 08 08 08 08 08 08 08 08 08 08 
      26   00:CB41  08 08 08 08 08 08 08 08 08 08 08 08 08 08 08 08 
      26   00:CB51  08 08 08 08 08 08 08 08 08 08 08 08 08 08 08 08 
      26   00:CB61  08 08 08 08 08 08 08 08 08 08 08 08 08 08 08 08 
      26   00:CB71  08 08 08 00 00 00 08 08 08 08 08 08 08 08 08 08 
      26   00:CB81  08 08 08 08 08 08 08 08 08 08 00 00 00 00 00 00 
      26   00:CB91  00 08 08 08 08 08 08 08 08 08 08 08 00 00 00 00 
      26   00:CBA1  00 00 00 04 05 06 07 00 04 05 06 07 00 04 05 06 
      26   00:CBB1  07 00 04 05 06 07 00 00 00 08 08 08 08 08 08 08 
      26   00:CBC1  08 08 08 08 08 08 08 00 00 08 08 08 08 08 08 08 
      26   00:CBD1  08 08 08 08 08 00 00 00 04 05 06 07 00 00 08 08 
      26   00:CBE1  08 04 05 06 04 05 06 07 04 05 06 07 00 08 08 08 
      26   00:CBF1  08 08 08 04 04 04 05 06 07 00 04 05 06 07 00 00 
      27   00:CC01                          db 8,8,8,8,8,8,8,8,8,8,8,8,8,8,8,8,8,8,8,8,8,8,8,8,8,8,8,8,8,8,8,8,8,8,8,8,8,8,8,8,8,8,8,8,8,8,8,8,8,8,8,8,8,8,8,8,8,8,8,8,8,8,8,8,8,8,8,8,8,8,8,8,8,8,8,8,8,8,8,8,8,8,8,8,8,8,8,8,8,8,8,8,8,8,8,8,8,8,8,8,8,8,8,8,8,8,8,8,8,8,8,8,8,8,8,8,8,8,8,8,8,8,8,8,8,8,8,8,8,8,8,8,8,8,8,8,8,8,8,8,8,8,8,8,8,8,8,8,8,8,8,8,8,8,8,8,8,8,8,8,8,8,8,8,8,8,8,8,8,8,8,8,8,8,8,8,8,8,8,8,8,8,8,8,8,8,8,8,8,8,8,8,8,8,8,8,8,8,8,8,8,8,8,8,8,8,8,8,8,8,8,8,8,8,8,8,8,8,8,8,8,8,8,8,8,8,8,8,8,8,8,8,8,8,8,8,8,8,8,8,8,8,8,8,8,8,8,8,8,8,8,8,8,8,8,8
      27   00:CC01  08 08 08 08 08 08 08 08 08 08 08 08 08 08 08 08 
      27   00:CC11  08 08 08 08 08 08 08 08 08 08 08 08 08 08 08 08 
      27   00:CC21  08 08 08 08 08 08 08 08 08 08 08 08 08 08 08 08 
      27   00:CC31  08 08 08 08 08 08 08 08 08 08 08 08 08 08 08 08 
      27   00:CC41  08 08 08 08 08 08 08 08 08 08 08 08 08 08 08 08 
      27   00:CC51  08 08 08 08 08 08 08 08 08 08 08 08 08 08 08 08 
      27   00:CC61  08 08 08 08 08 08 08 08 08 08 08 08 08 08 08 08 
      27   00:CC71  08 08 08 08 08 08 08 08 08 08 08 08 08 08 08 08 
      27   00:CC81  08 08 08 08 08 08 08 08 08 08 08 08 08 08 08 08 
      27   00:CC91  08 08 08 08 08 08 08 08 08 08 08 08 08 08 08 08 
      27   00:CCA1  08 08 08 08 08 08 08 08 08 08 08 08 08 08 08 08 
      27   00:CCB1  08 08 08 08 08 08 08 08 08 08 08 08 08 08 08 08 
      27   00:CCC1  08 08 08 08 08 08 08 08 08 08 08 08 08 08 08 08 
      27   00:CCD1  08 08 08 08 08 08 08 08 08 08 08 08 08 08 08 08 
      27   00:CCE1  08 08 08 08 08 08 08 08 08 08 08 08 08 08 08 08 
      27   00:CCF1  08 08 08 08 08 08 08 08 08 08 08 08 08 08 08 08 
      28   00:CD01                      
      29   00:CD01                      FINAL:

    LABELS
-------------------------------------------------
00:0000C000   INICIO
00:0000C001 X level0
00:0000CD01   FINAL


 Output: world0.out
-------------------------------------------------

 Page: 00
  Org: 0000C000  Size: *  Used: 00000000

    No output

 Output: word0.bin
-------------------------------------------------

 Page: 00
  Org: 0000C000  Size: *  Used: 00000D08

   Address   Length Align   Label
   0000C000    3336         INICIO
